<?xml version="1.0" encoding="UTF-8"?>
<!-- Generated by org.testng.reporters.JUnitXMLReporter -->
<testsuite ignored="0" hostname="EC2AMAZ-EHR6SVV" failures="1" tests="23" name="Sanity_Test" time="20.558" errors="0" timestamp="2024-12-23T12:49:49 IST">
  <testcase classname="com.Notes.All_Login" name="Login_All" time="0.328"/>
  <testcase classname="com.Notes.All_Login" name="Login_All" time="0.332"/>
  <testcase classname="com.Notes.All_Login" name="Login_All" time="0.318"/>
  <testcase classname="com.Notes.All_Login" name="Login_All" time="0.342"/>
  <testcase classname="com.Notes.All_Login" name="Login_All" time="0.329"/>
  <testcase classname="com.Notes.All_Login" name="Login_All" time="0.329"/>
  <testcase classname="com.Notes.All_Login" name="Login_All" time="0.335"/>
  <testcase classname="com.Notes.All_Login" name="Login_All" time="0.506"/>
  <testcase classname="com.Notes.Create_Notes_UsingBase_and_File" name="createNotes" time="0.456"/>
  <testcase classname="com.Notes.Delete_Notes" name="createNotes" time="0.441"/>
  <testcase classname="com.Notes.Notes_AllTC" name="createNotes_TCS" time="0.448"/>
  <testcase classname="com.Notes.Notes_AllTC" name="createNotes_TCS" time="0.444"/>
  <testcase classname="com.Notes.Notes_AllTC" name="createNotes_TCS" time="0.432"/>
  <testcase classname="com.Notes.Notes_NegativeScenario" name="createNotes_TCS" time="0.348"/>
  <testcase classname="com.Notes.Notes_NegativeScenario" name="createNotes_TCS" time="0.365"/>
  <testcase classname="com.Notes.Notes_NegativeScenario" name="createNotes_TCS" time="0.372"/>
  <testcase classname="com.Notes.Notes_NegativeScenario" name="createNotes_TCS" time="0.358"/>
  <testcase classname="com.Notes.Notes_NegativeScenario" name="createNotes_TCS" time="0.352"/>
  <testcase classname="com.Notes.Delete_Notes_UI" name="createNotes" time="0.451"/>
  <testcase classname="com.Notes.Delete_Notes_UI" name="DeleteNotes" time="4.1">
    <failure type="org.openqa.selenium.NoSuchElementException" message="no such element: Unable to locate element: {&amp;quot;method&amp;quot;:&amp;quot;xpath&amp;quot;,&amp;quot;selector&amp;quot;:&amp;quot;//button[normalize-space()=&amp;apos;Login1&amp;apos;]&amp;quot;}
  (Session info: MicrosoftEdge=131.0.2903.112)
For documentation on this error, please visit: https://www.selenium.dev/documentation/webdriver/troubleshooting/errors#no-such-element-exception
Build info: version: &amp;apos;4.20.0&amp;apos;, revision: &amp;apos;866c76ca80&amp;apos;
System info: os.name: &amp;apos;Windows Server 2022&amp;apos;, os.arch: &amp;apos;amd64&amp;apos;, os.version: &amp;apos;10.0&amp;apos;, java.version: &amp;apos;23.0.1&amp;apos;
Driver info: org.openqa.selenium.edge.EdgeDriver
Command: [ad81e36118f4c8ab55643d19e0d155af, findElement {using=xpath, value=//button[normalize-space()=&amp;apos;Login1&amp;apos;]}]
Capabilities {acceptInsecureCerts: false, browserName: MicrosoftEdge, browserVersion: 131.0.2903.112, fedcm:accounts: true, ms:edgeOptions: {debuggerAddress: localhost:53445}, msedge: {msedgedriverVersion: 131.0.2903.112 (16ab910a6e7..., userDataDir: C:\Windows\SystemTemp\scope...}, networkConnectionEnabled: false, pageLoadStrategy: normal, platformName: windows, proxy: Proxy(), se:cdp: ws://localhost:53445/devtoo..., se:cdpVersion: 131.0.2903.112, setWindowRect: true, strictFileInteractability: false, timeouts: {implicit: 0, pageLoad: 300000, script: 30000}, unhandledPromptBehavior: dismiss and notify, webauthn:extension:credBlob: true, webauthn:extension:largeBlob: true, webauthn:extension:minPinLength: true, webauthn:extension:prf: true, webauthn:virtualAuthenticators: true}
Session ID: ad81e36118f4c8ab55643d19e0d155af">
      <![CDATA[org.openqa.selenium.NoSuchElementException: no such element: Unable to locate element: {"method":"xpath","selector":"//button[normalize-space()='Login1']"}
  (Session info: MicrosoftEdge=131.0.2903.112)
For documentation on this error, please visit: https://www.selenium.dev/documentation/webdriver/troubleshooting/errors#no-such-element-exception
Build info: version: '4.20.0', revision: '866c76ca80'
System info: os.name: 'Windows Server 2022', os.arch: 'amd64', os.version: '10.0', java.version: '23.0.1'
Driver info: org.openqa.selenium.edge.EdgeDriver
Command: [ad81e36118f4c8ab55643d19e0d155af, findElement {using=xpath, value=//button[normalize-space()='Login1']}]
Capabilities {acceptInsecureCerts: false, browserName: MicrosoftEdge, browserVersion: 131.0.2903.112, fedcm:accounts: true, ms:edgeOptions: {debuggerAddress: localhost:53445}, msedge: {msedgedriverVersion: 131.0.2903.112 (16ab910a6e7..., userDataDir: C:\Windows\SystemTemp\scope...}, networkConnectionEnabled: false, pageLoadStrategy: normal, platformName: windows, proxy: Proxy(), se:cdp: ws://localhost:53445/devtoo..., se:cdpVersion: 131.0.2903.112, setWindowRect: true, strictFileInteractability: false, timeouts: {implicit: 0, pageLoad: 300000, script: 30000}, unhandledPromptBehavior: dismiss and notify, webauthn:extension:credBlob: true, webauthn:extension:largeBlob: true, webauthn:extension:minPinLength: true, webauthn:extension:prf: true, webauthn:virtualAuthenticators: true}
Session ID: ad81e36118f4c8ab55643d19e0d155af
at org.openqa.selenium.remote.ErrorCodec.decode(ErrorCodec.java:167)
at org.openqa.selenium.remote.codec.w3c.W3CHttpResponseCodec.decode(W3CHttpResponseCodec.java:138)
at org.openqa.selenium.remote.codec.w3c.W3CHttpResponseCodec.decode(W3CHttpResponseCodec.java:50)
at org.openqa.selenium.remote.HttpCommandExecutor.execute(HttpCommandExecutor.java:190)
at org.openqa.selenium.remote.service.DriverCommandExecutor.invokeExecute(DriverCommandExecutor.java:216)
at org.openqa.selenium.remote.service.DriverCommandExecutor.execute(DriverCommandExecutor.java:174)
at org.openqa.selenium.remote.RemoteWebDriver.execute(RemoteWebDriver.java:518)
at org.openqa.selenium.remote.ElementLocation$ElementFinder$2.findElement(ElementLocation.java:165)
at org.openqa.selenium.remote.ElementLocation.findElement(ElementLocation.java:59)
at org.openqa.selenium.remote.RemoteWebDriver.findElement(RemoteWebDriver.java:355)
at org.openqa.selenium.remote.RemoteWebDriver.findElement(RemoteWebDriver.java:349)
at com.Notes.Delete_Notes_UI.DeleteNotes(Delete_Notes_UI.java:83)
at java.base/java.util.concurrent.ThreadPoolExecutor.runWorker(ThreadPoolExecutor.java:1144)
at java.base/java.util.concurrent.ThreadPoolExecutor$Worker.run(ThreadPoolExecutor.java:642)
at java.base/java.lang.Thread.run(Thread.java:1575)
... Removed 13 stack frames]]>
    </failure>
  </testcase> <!-- DeleteNotes -->
  <testcase classname="com.Notes.update_Notes" name="createNotes" time="0.684"/>
  <testcase classname="com.Notes.update_Notes" name="updateNotes" time="0.429"/>
  <testcase classname="com.Notes.update_Notes" name="deleteNotes" time="0.437"/>
</testsuite> <!-- Sanity_Test -->
